<?xml version="1.0" encoding="UTF-8"?>
<!-- Generated by org.testng.reporters.JUnitReportReporter -->
<testsuite hostname="DESKTOP-CIQ6FMM" failures="0" tests="2" name="qaclickacademy.RESTAPITest" time="0.022" errors="0" timestamp="2020-04-10T18:03:01 IST" skipped="0">
  <testcase classname="qaclickacademy.RESTAPITest" name="deleteTwitter" time="0.000"/>
  <system-out/>
  <testcase classname="qaclickacademy.RESTAPITest" name="postJira" time="0.022"/>
  <system-out/>
</testsuite> <!-- qaclickacademy.RESTAPITest -->
